2023-08-04 10:12:20 [resurrection] info : 8080 포트에서 서버 가동 중
2023-08-04 10:13:28 [resurrection] info : 8080 포트에서 서버 가동 중
2023-08-04 10:17:45 [resurrection] info : 8080 포트에서 서버 가동 중
2023-08-04 10:17:54 [resurrection] info : GET / 304 "홈"
2023-08-04 10:17:56 [resurrection] info : GET /homesash 304 "홈샤시 페이지"
2023-08-04 10:18:30 [resurrection] info : GET /rehau 304 "레하우창 페이지"
2023-08-04 10:18:33 [resurrection] info : GET /homesash 304 "홈샤시 페이지"
2023-08-04 10:19:38 [resurrection] info : 8080 포트에서 서버 가동 중
2023-08-04 10:19:41 [resurrection] info : GET / 304 "홈"
2023-08-04 10:19:44 [resurrection] info : GET /homesash 304 "홈샤시 페이지"
2023-08-04 10:22:52 [resurrection] info : GET /homesash 304 "홈샤시 페이지"
2023-08-04 10:22:53 [resurrection] info : GET /homesash 304 "홈샤시 페이지"
2023-08-04 10:22:55 [resurrection] info : GET /normal 304 "일반창 페이지"
2023-08-04 10:22:58 [resurrection] info : GET /balcony 304 "발코니창 페이지"
2023-08-04 10:23:00 [resurrection] info : GET /system 304 "시스템창 페이지"
2023-08-04 10:23:06 [resurrection] info : GET /rehau 304 "레하우창 페이지"
2023-08-04 10:23:09 [resurrection] info : GET /aluminium 304 "알루미늄창 페이지"
2023-08-04 10:23:12 [resurrection] info : GET /specialuse 304 "특수용도창 페이지"
2023-08-04 10:23:16 [resurrection] info : GET /sheetcolor 304 "시트컬러 페이지"
2023-08-04 10:23:19 [resurrection] info : GET /handle 304 "핸들 페이지"
2023-08-04 10:23:22 [resurrection] info : GET /system 304 "시스템창 페이지"
2023-08-04 10:23:27 [resurrection] info : GET /rehau 304 "레하우창 페이지"
2023-08-04 10:24:30 [resurrection] info : GET /rehau 304 "레하우창 페이지"
2023-08-04 10:24:33 [resurrection] info : GET /rehau 304 "레하우창 페이지"
2023-08-04 10:24:34 [resurrection] info : GET /rehau 304 "레하우창 페이지"
2023-08-04 10:24:54 [resurrection] info : GET /rehau 304 "레하우창 페이지"
2023-08-04 10:24:55 [resurrection] info : GET /rehau 304 "레하우창 페이지"
2023-08-04 10:25:13 [resurrection] info : GET /rehau 304 "레하우창 페이지"
2023-08-04 10:25:16 [resurrection] info : GET /rehau 304 "레하우창 페이지"
2023-08-04 10:25:17 [resurrection] info : GET /rehau 304 "레하우창 페이지"
2023-08-04 10:25:39 [resurrection] info : GET /rehau 304 "레하우창 페이지"
2023-08-04 10:25:43 [resurrection] info : GET /rehau 304 "레하우창 페이지"
2023-08-04 10:26:01 [resurrection] info : GET /rehau 304 "레하우창 페이지"
2023-08-04 10:26:02 [resurrection] info : GET /rehau 304 "레하우창 페이지"
2023-08-04 10:27:13 [resurrection] info : GET /rehau 304 "레하우창 페이지"
2023-08-04 10:27:14 [resurrection] info : GET /rehau 304 "레하우창 페이지"
2023-08-04 10:27:43 [resurrection] info : GET /rehau 304 "레하우창 페이지"
2023-08-04 10:27:44 [resurrection] info : GET /rehau 304 "레하우창 페이지"
2023-08-04 10:28:51 [resurrection] info : GET /rehau 304 "레하우창 페이지"
2023-08-04 10:28:52 [resurrection] info : GET /rehau 304 "레하우창 페이지"
2023-08-04 10:28:52 [resurrection] info : GET /rehau 304 "레하우창 페이지"
2023-08-04 10:29:01 [resurrection] info : GET /rehau 304 "레하우창 페이지"
2023-08-04 10:29:05 [resurrection] info : GET /aluminium 304 "알루미늄창 페이지"
2023-08-04 10:29:08 [resurrection] info : GET /rehau 304 "레하우창 페이지"
2023-08-04 10:29:10 [resurrection] info : GET /specialuse 304 "특수용도창 페이지"
2023-08-04 10:29:12 [resurrection] info : GET /rehau 304 "레하우창 페이지"
2023-08-04 10:29:18 [resurrection] info : GET /specialuse 304 "특수용도창 페이지"
2023-08-04 10:29:20 [resurrection] info : GET /sheetcolor 304 "시트컬러 페이지"
2023-08-04 10:30:09 [resurrection] info : GET /sheetcolor 304 "시트컬러 페이지"
2023-08-04 10:30:11 [resurrection] info : GET /sheetcolor 304 "시트컬러 페이지"
2023-08-04 10:30:13 [resurrection] info : GET /handle 304 "핸들 페이지"
2023-08-04 10:32:31 [resurrection] info : GET /balcony 304 "발코니창 페이지"
2023-08-04 10:32:32 [resurrection] info : GET /system 304 "시스템창 페이지"
